<?xml version="1.0" encoding="UTF-8"?>
<!-- Generated by org.testng.reporters.JUnitReportReporter -->
<testsuite hostname="DESKTOP-I3THGNO" failures="0" tests="1" name="com.utility.ExcelUtils" time="1.457" errors="0" timestamp="2021-03-05T23:13:48 IST" skipped="0">
  <testcase classname="com.utility.ExcelUtils" name="getRowCount" time="1.457"/>
  <system-out/>
</testsuite> <!-- com.utility.ExcelUtils -->
