<?xml version="1.0" encoding="UTF-8"?>
<!-- Generated by org.testng.reporters.JUnitReportReporter -->
<testsuite hostname="DESKTOP-I3THGNO" failures="0" tests="1" name="com.CongaDemo.tests.PrecticeTest" time="24.549" errors="0" timestamp="06 Mar 2021 09:31:07 GMT" skipped="0">
  <testcase classname="com.CongaDemo.tests.PrecticeTest" name="test_01" time="24.549"/>
</testsuite> <!-- com.CongaDemo.tests.PrecticeTest -->
